<?xml version="1.0" encoding="UTF-8"?>
<testng-results ignored="0" total="6" passed="6" failed="0" skipped="0">
  <reporter-output>
  </reporter-output>
  <suite started-at="2023-06-10T04:17:43Z" name="Default suite" finished-at="2023-06-10T04:17:59Z" duration-ms="15967">
    <groups>
    </groups>
    <test started-at="2023-06-10T04:17:43Z" name="Default test" finished-at="2023-06-10T04:17:59Z" duration-ms="15967">
      <class name="com.noncommerce.user.User_01_Register_Login">
        <test-method is-config="true" signature="beforeClass()[pri:0, instance:com.noncommerce.user.User_01_Register_Login@3a52dba3]" started-at="2023-06-10T04:17:43Z" name="beforeClass" finished-at="2023-06-10T04:17:50Z" duration-ms="7328" status="PASS">
          <reporter-output>
          </reporter-output>
        </test-method> <!-- beforeClass -->
        <test-method signature="TC_01_Register_Empty_Data()[pri:0, instance:com.noncommerce.user.User_01_Register_Login@3a52dba3]" started-at="2023-06-10T04:17:50Z" name="TC_01_Register_Empty_Data" finished-at="2023-06-10T04:17:52Z" duration-ms="1522" status="PASS">
          <reporter-output>
          </reporter-output>
        </test-method> <!-- TC_01_Register_Empty_Data -->
        <test-method signature="TC_02_Register_Invalid_Email()[pri:0, instance:com.noncommerce.user.User_01_Register_Login@3a52dba3]" started-at="2023-06-10T04:17:52Z" name="TC_02_Register_Invalid_Email" finished-at="2023-06-10T04:17:53Z" duration-ms="897" status="PASS">
          <reporter-output>
          </reporter-output>
        </test-method> <!-- TC_02_Register_Invalid_Email -->
        <test-method signature="TC_03_Register_Success()[pri:0, instance:com.noncommerce.user.User_01_Register_Login@3a52dba3]" started-at="2023-06-10T04:17:53Z" name="TC_03_Register_Success" finished-at="2023-06-10T04:17:55Z" duration-ms="1918" status="PASS">
          <reporter-output>
          </reporter-output>
        </test-method> <!-- TC_03_Register_Success -->
        <test-method signature="TC_04_Register_Existing_Email()[pri:0, instance:com.noncommerce.user.User_01_Register_Login@3a52dba3]" started-at="2023-06-10T04:17:55Z" name="TC_04_Register_Existing_Email" finished-at="2023-06-10T04:17:56Z" duration-ms="1235" status="PASS">
          <reporter-output>
          </reporter-output>
        </test-method> <!-- TC_04_Register_Existing_Email -->
        <test-method signature="TC_05_Register_Password_Less_Than_6_Chars()[pri:0, instance:com.noncommerce.user.User_01_Register_Login@3a52dba3]" started-at="2023-06-10T04:17:56Z" name="TC_05_Register_Password_Less_Than_6_Chars" finished-at="2023-06-10T04:17:57Z" duration-ms="862" status="PASS">
          <reporter-output>
          </reporter-output>
        </test-method> <!-- TC_05_Register_Password_Less_Than_6_Chars -->
        <test-method signature="TC_06_Register_Invalid_Confirm_Password()[pri:0, instance:com.noncommerce.user.User_01_Register_Login@3a52dba3]" started-at="2023-06-10T04:17:57Z" name="TC_06_Register_Invalid_Confirm_Password" finished-at="2023-06-10T04:17:58Z" duration-ms="1341" status="PASS">
          <reporter-output>
          </reporter-output>
        </test-method> <!-- TC_06_Register_Invalid_Confirm_Password -->
        <test-method is-config="true" signature="afterClass()[pri:0, instance:com.noncommerce.user.User_01_Register_Login@3a52dba3]" started-at="2023-06-10T04:17:58Z" name="afterClass" finished-at="2023-06-10T04:17:59Z" duration-ms="806" status="PASS">
          <reporter-output>
          </reporter-output>
        </test-method> <!-- afterClass -->
      </class> <!-- com.noncommerce.user.User_01_Register_Login -->
    </test> <!-- Default test -->
  </suite> <!-- Default suite -->
</testng-results>
